#
# A fatal error has been detected by the Java Runtime Environment:
#
#  Internal Error (0xc0020001), pid=7904, tid=8616
#
# JRE version: 6.0_35-b10
# Java VM: Java HotSpot(TM) Client VM (20.10-b01 mixed mode, sharing windows-x86 )
# Problematic frame:
# C  [KERNELBASE.dll+0xc41f]
#
# If you would like to submit a bug report, please visit:
#   http://java.sun.com/webapps/bugreport/crash.jsp
# The crash happened outside the Java Virtual Machine in native code.
# See problematic frame for where to report the bug.
#

---------------  T H R E A D  ---------------

Current thread (0x0de93000):  JavaThread "Thread-0" daemon [_thread_in_native, id=8616, stack(0x0a5e0000,0x0a6e0000)]

siginfo: ExceptionCode=0xc0020001, ExceptionInformation=0x8007042b 

Registers:
EAX=0x0a6de5ac, EBX=0x345f6880, ECX=0x00000001, EDX=0x00000000
ESP=0x0a6de5ac, EBP=0x0a6de5fc, ESI=0x07daa210, EDI=0x0de93000
EIP=0x763ec41f, EFLAGS=0x00000206

Top of Stack: (sp=0x0a6de5ac)
0x0a6de5ac:   c0020001 00000001 00000000 763ec41f
0x0a6de5bc:   00000001 8007042b 0de93000 392b45b0
0x0a6de5cc:   09a73b60 0de93000 393be3a0 3875f348
0x0a6de5dc:   0a6de618 0a81878e 0a6de5f8 392b5248
0x0a6de5ec:   0a6de644 0a81878e 0a6de608 6d826e96
0x0a6de5fc:   0a6de618 5725dd6b c0020001 00000001
0x0a6de60c:   00000001 0a6de614 8007042b 0a6de628
0x0a6de61c:   571ece7e 8007042b 345f6880 0a6de648 

Instructions: (pc=0x763ec41f)
0x763ec3ff:   02 50 ff 75 14 8d 45 c4 50 e8 35 ad 02 00 83 c4
0x763ec40f:   0c eb 03 89 45 c0 8d 45 b0 50 ff 15 5c 11 3e 76
0x763ec41f:   c9 c2 10 00 cc cc cc cc cc 8b ff 55 8b ec 56 8b
0x763ec42f:   75 08 83 fe f4 72 18 83 fe f6 77 13 8d 45 08 50 


Register to memory mapping:

EAX=0x0a6de5ac is pointing into the stack for thread: 0x0de93000
EBX=0x345f6880 is an oop
{method} 
 - klass: {other class}
ECX=0x00000001 is an unknown value
EDX=0x00000000 is an unknown value
ESP=0x0a6de5ac is pointing into the stack for thread: 0x0de93000
EBP=0x0a6de5fc is pointing into the stack for thread: 0x0de93000
ESI=0x07daa210 is an unknown value
EDI=0x0de93000 is a thread


Stack: [0x0a5e0000,0x0a6e0000],  sp=0x0a6de5ac,  free space=1017k
Native frames: (J=compiled Java code, j=interpreted, Vv=VM code, C=native code)
C  [KERNELBASE.dll+0xc41f]  RaiseException+0x58
C  [mscorwks.dll+0x24dd6b]  GetAddrOfContractShutoffFlag+0x95a9
C  [mscorwks.dll+0x1dce7e]  Ordinal24+0x1e5bd
C  [mscorwks.dll+0x1e6d]
j  flash.tools.debugger.__IProgress.setProgress(II)V+0
j  flash.tools.debugger.concrete.PlayerSessionManager.accept(Lflash/tools/debugger/concrete/ProcessListener;Lflash/tools/debugger/IProgress;)Lflash/tools/debugger/Session;+96
j  flash.tools.debugger.concrete.PlayerSessionManager.accept(Lflash/tools/debugger/IProgress;)Lflash/tools/debugger/Session;+3
v  ~StubRoutines::call_stub
V  [jvm.dll+0xfb05b]
V  [jvm.dll+0x18c901]
V  [jvm.dll+0xfb0dd]
V  [jvm.dll+0x95a91]
V  [jvm.dll+0x976ac]
C  [mscorwks.dll+0x1d19]
C  0x0015bd7b
C  0x07f78dbf
C  0x0025dc02
C  0x0025c4e0
C  0x0025c155
C  [System.ni.dll+0x4a048d]
C  [System.ni.dll+0x4a01ee]
C  [mscorwks.dll+0x1b4c]
C  [mscorwks.dll+0x18951]
C  [mscorwks.dll+0x2ff353]  TranslateSecurityAttributes+0x35048
C  [mscorwks.dll+0x2ff7ea]  TranslateSecurityAttributes+0x354df
C  [mscorlib.ni.dll+0x1b95c3]
C  [mscorlib.ni.dll+0x7b64da]
C  [mscorlib.ni.dll+0x7b6510]
C  [mscorlib.ni.dll+0x20a6f3]
C  [mscorlib.ni.dll+0x20a589]
C  [mscorwks.dll+0x1b4c]
C  [mscorwks.dll+0x18951]
C  [mscorwks.dll+0x18f43]
C  [mscorwks.dll+0x18f84]
C  [mscorwks.dll+0x18ff1]
C  [mscorwks.dll+0x1147d1]  NGenCreateNGenWorker+0xa148
C  [mscorwks.dll+0x3c6c7]  CoUninitializeEE+0x17f6b
C  [mscorwks.dll+0x3c663]  CoUninitializeEE+0x17f07
C  [mscorwks.dll+0x3c583]  CoUninitializeEE+0x17e27
C  [mscorwks.dll+0x3c715]  CoUninitializeEE+0x17fb9
C  [mscorwks.dll+0x3da88]  CoUninitializeEE+0x1932c
C  [mscorwks.dll+0x114466]  NGenCreateNGenWorker+0x9ddd
C  [mscorwks.dll+0x3d723]  CoUninitializeEE+0x18fc7
C  [mscorwks.dll+0x1626db]  CreateApplicationContext+0xd05b
C  [KERNEL32.dll+0x133aa]  BaseThreadInitThunk+0x12
C  [ntdll.dll+0x39ef2]  RtlInitializeExceptionChain+0x63
C  [ntdll.dll+0x39ec5]  RtlInitializeExceptionChain+0x36

Java frames: (J=compiled Java code, j=interpreted, Vv=VM code)
j  flash.tools.debugger.__IProgress.setProgress(II)V+0
j  flash.tools.debugger.concrete.PlayerSessionManager.accept(Lflash/tools/debugger/concrete/ProcessListener;Lflash/tools/debugger/IProgress;)Lflash/tools/debugger/Session;+96
j  flash.tools.debugger.concrete.PlayerSessionManager.accept(Lflash/tools/debugger/IProgress;)Lflash/tools/debugger/Session;+3
v  ~StubRoutines::call_stub

---------------  P R O C E S S  ---------------

Java Threads: ( => current thread )
  0x0de93800 JavaThread "Thread-1" daemon [_thread_in_native, id=9152, stack(0x010b0000,0x011b0000)]
=>0x0de93000 JavaThread "Thread-0" daemon [_thread_in_native, id=8616, stack(0x0a5e0000,0x0a6e0000)]
  0x09a1ac00 JavaThread "Low Memory Detector" daemon [_thread_blocked, id=8984, stack(0x0a060000,0x0a160000)]
  0x09a14c00 JavaThread "C1 CompilerThread0" daemon [_thread_blocked, id=8636, stack(0x0c830000,0x0c930000)]
  0x09a13c00 JavaThread "Attach Listener" daemon [_thread_blocked, id=5068, stack(0x0a200000,0x0a300000)]
  0x09a11800 JavaThread "Signal Dispatcher" daemon [_thread_blocked, id=9028, stack(0x09b70000,0x09c70000)]
  0x09a09c00 JavaThread "Finalizer" daemon [_thread_blocked, id=5240, stack(0x09f20000,0x0a020000)]
  0x09a08400 JavaThread "Reference Handler" daemon [_thread_blocked, id=8236, stack(0x09d90000,0x09e90000)]
  0x097d8c00 JavaThread "main" [_thread_in_native, id=7172, stack(0x002f0000,0x003f0000)]

Other Threads:
  0x099cbc00 VMThread [stack: 0x09c80000,0x09d80000] [id=2144]
  0x09a2b000 WatcherThread [stack: 0x0ca10000,0x0cb10000] [id=1184]

VM state:not at safepoint (normal execution)

VM Mutex/Monitor currently owned by a thread: None

Heap
 def new generation   total 4928K, used 3271K [0x24530000, 0x24a80000, 0x29a80000)
  eden space 4416K,  74% used [0x24530000, 0x24861f20, 0x24980000)
  from space 512K,   0% used [0x24980000, 0x24980000, 0x24a00000)
  to   space 512K,   0% used [0x24a00000, 0x24a00000, 0x24a80000)
 tenured generation   total 10944K, used 0K [0x29a80000, 0x2a530000, 0x34530000)
   the space 10944K,   0% used [0x29a80000, 0x29a80000, 0x29a80200, 0x2a530000)
 compacting perm gen  total 12288K, used 919K [0x34530000, 0x35130000, 0x38530000)
   the space 12288K,   7% used [0x34530000, 0x34615d40, 0x34615e00, 0x35130000)
    ro space 10240K,  51% used [0x38530000, 0x38a602b8, 0x38a60400, 0x38f30000)
    rw space 12288K,  55% used [0x38f30000, 0x395cbb80, 0x395cbc00, 0x39b30000)

Code Cache  [0x0a810000, 0x0a890000, 0x0c810000)
 total_blobs=173 nmethods=40 adapters=69 free_code_cache=33036544 largest_free_block=0

Dynamic libraries:
0x01320000 - 0x01376000 	C:\Program Files (x86)\FlashDevelop\FlashDevelop.exe
0x774a0000 - 0x77620000 	C:\Windows\SysWOW64\ntdll.dll
0x6e5d0000 - 0x6e61a000 	C:\Windows\SYSTEM32\MSCOREE.DLL
0x76110000 - 0x76220000 	C:\Windows\syswow64\KERNEL32.dll
0x763e0000 - 0x76427000 	C:\Windows\syswow64\KERNELBASE.dll
0x75e00000 - 0x75ea0000 	C:\Windows\syswow64\ADVAPI32.dll
0x75fa0000 - 0x7604c000 	C:\Windows\syswow64\msvcrt.dll
0x75f70000 - 0x75f89000 	C:\Windows\SysWOW64\sechost.dll
0x76a70000 - 0x76b60000 	C:\Windows\syswow64\RPCRT4.dll
0x74b80000 - 0x74be0000 	C:\Windows\syswow64\SspiCli.dll
0x74b70000 - 0x74b7c000 	C:\Windows\syswow64\CRYPTBASE.dll
0x6d4a0000 - 0x6d507000 	C:\Windows\Microsoft.NET\Framework\v4.0.30319\mscoreei.dll
0x74cc0000 - 0x74d17000 	C:\Windows\syswow64\SHLWAPI.dll
0x76050000 - 0x760e0000 	C:\Windows\syswow64\GDI32.dll
0x762e0000 - 0x763e0000 	C:\Windows\syswow64\USER32.dll
0x75cd0000 - 0x75cda000 	C:\Windows\syswow64\LPK.dll
0x74ee0000 - 0x74f7d000 	C:\Windows\syswow64\USP10.dll
0x74f80000 - 0x74fe0000 	C:\Windows\system32\IMM32.DLL
0x75ea0000 - 0x75f6c000 	C:\Windows\syswow64\MSCTF.dll
0x57010000 - 0x575bc000 	C:\Windows\Microsoft.NET\Framework\v2.0.50727\mscorwks.dll
0x732d0000 - 0x7336b000 	C:\Windows\WinSxS\x86_microsoft.vc80.crt_1fc8b3b9a1e18e3b_8.0.50727.6195_none_d09154e044272b9a\MSVCR80.dll
0x74ff0000 - 0x75c3a000 	C:\Windows\syswow64\shell32.dll
0x767c0000 - 0x7691c000 	C:\Windows\syswow64\ole32.dll
0x72de0000 - 0x72deb000 	C:\Windows\system32\profapi.dll
0x54aa0000 - 0x55598000 	C:\Windows\assembly\NativeImages_v2.0.50727_32\mscorlib\187d7c66735c533de851c76384f86912\mscorlib.ni.dll
0x70600000 - 0x70680000 	C:\Windows\system32\uxtheme.dll
0x70710000 - 0x70768000 	C:\Program Files (x86)\Common Files\microsoft shared\ink\tiptsf.dll
0x74be0000 - 0x74c6f000 	C:\Windows\syswow64\OLEAUT32.dll
0x606d0000 - 0x60720000 	C:\Windows\assembly\GAC_MSIL\mscorlib.resources\2.0.0.0_fr_b77a5c561934e089\mscorlib.resources.dll
0x60670000 - 0x606cb000 	C:\Windows\Microsoft.NET\Framework\v2.0.50727\mscorjit.dll
0x71cf0000 - 0x71d06000 	C:\Windows\system32\CRYPTSP.dll
0x716c0000 - 0x716fb000 	C:\Windows\system32\rsaenh.dll
0x71d50000 - 0x71d5e000 	C:\Windows\system32\RpcRtRemote.dll
0x56e60000 - 0x57004000 	C:\Program Files (x86)\FlashDevelop\PluginCore.dll
0x558f0000 - 0x56092000 	C:\Windows\assembly\NativeImages_v2.0.50727_32\System\9dd758ac0bf7358ac6e4720610fcc63c\System.ni.dll
0x56cd0000 - 0x56e58000 	C:\Windows\assembly\NativeImages_v2.0.50727_32\System.Drawing\4e80768a2d88c7a333e43cbb7a6c0705\System.Drawing.ni.dll
0x51d50000 - 0x5292e000 	C:\Windows\assembly\NativeImages_v2.0.50727_32\System.Windows.Forms\d040079bc7148afeca03c5abb6fc3c61\System.Windows.Forms.ni.dll
0x52fd0000 - 0x53506000 	C:\Windows\assembly\NativeImages_v2.0.50727_32\System.Xml\25e672ea505e50ab058258ac72a54f02\System.Xml.ni.dll
0x71dd0000 - 0x71dd8000 	C:\Windows\system32\secur32.dll
0x6fd70000 - 0x6fd83000 	C:\Windows\system32\dwmapi.dll
0x6f410000 - 0x6f5a0000 	C:\Windows\WinSxS\x86_microsoft.windows.gdiplus_6595b64144ccf1df_1.1.7601.17825_none_72d273598668a06b\gdiplus.dll
0x71460000 - 0x71465000 	C:\Windows\system32\shfolder.dll
0x6f830000 - 0x6f92b000 	C:\Windows\system32\WindowsCodecs.dll
0x60600000 - 0x6066c000 	C:\Windows\assembly\GAC_MSIL\System.Windows.Forms.resources\2.0.0.0_fr_b77a5c561934e089\System.Windows.Forms.resources.dll
0x70080000 - 0x7021e000 	C:\Windows\WinSxS\x86_microsoft.windows.common-controls_6595b64144ccf1df_6.0.7601.17514_none_41e6975e2bd6f2b2\comctl32.dll
0x60490000 - 0x604b2000 	C:\Program Files (x86)\FlashDevelop\Plugins\AirProperties.dll
0x67bd0000 - 0x67be0000 	C:\Program Files (x86)\FlashDevelop\Plugins\AS2Context.dll
0x60410000 - 0x60490000 	C:\Program Files (x86)\FlashDevelop\Plugins\ASCompletion.dll
0x603c0000 - 0x603e4000 	C:\Program Files (x86)\FlashDevelop\Plugins\AS3Context.dll
0x605d0000 - 0x605fa000 	C:\Program Files (x86)\FlashDevelop\Aga.dll
0x60390000 - 0x603be000 	C:\Program Files (x86)\FlashDevelop\Plugins\XMLCompletion.dll
0x72cf0000 - 0x72d11000 	C:\Windows\system32\ntmarta.dll
0x74c70000 - 0x74cb5000 	C:\Windows\syswow64\WLDAP32.dll
0x678d0000 - 0x678e0000 	C:\Program Files (x86)\FlashDevelop\Plugins\ASClassWizard.dll
0x69cb0000 - 0x69d26000 	C:\Windows\system32\RichEd20.DLL
0x732b0000 - 0x732b9000 	C:\Windows\system32\version.dll
0x66c30000 - 0x66c3a000 	C:\Program Files (x86)\FlashDevelop\Plugins\BasicCompletion.dll
0x65f90000 - 0x65f9c000 	C:\Program Files (x86)\FlashDevelop\Plugins\BookmarkPanel.dll
0x63460000 - 0x63468000 	C:\Program Files (x86)\FlashDevelop\Plugins\BridgeSettings.dll
0x605c0000 - 0x605ca000 	C:\Program Files (x86)\FlashDevelop\Plugins\CodeAnalyzer.dll
0x557d0000 - 0x55852000 	C:\Program Files (x86)\FlashDevelop\Plugins\CodeFormatter.dll
0x56ca0000 - 0x56cc4000 	C:\Program Files (x86)\FlashDevelop\Antlr3.dll
0x605b0000 - 0x605c0000 	C:\Program Files (x86)\FlashDevelop\Plugins\CodeRefactor.dll
0x60400000 - 0x6040c000 	C:\Program Files (x86)\FlashDevelop\Plugins\CssCompletion.dll
0x56c90000 - 0x56c98000 	C:\Program Files (x86)\FlashDevelop\Plugins\DataEncoder.dll
0x558c0000 - 0x558e8000 	C:\Program Files (x86)\FlashDevelop\Plugins\fdb.j4n.dll
0x556f0000 - 0x557d0000 	C:\Program Files (x86)\FlashDevelop\Plugins\jni4net.n-0.8.4.0.dll
0x56c80000 - 0x56c8e000 	C:\Program Files (x86)\FlashDevelop\Plugins\FileExplorer.dll
0x693b0000 - 0x693ba000 	C:\Program Files (x86)\FlashDevelop\Plugins\FlashConnect.dll
0x76780000 - 0x767b5000 	C:\Windows\syswow64\ws2_32.dll
0x76450000 - 0x76456000 	C:\Windows\syswow64\NSI.dll
0x73410000 - 0x7344c000 	C:\Windows\system32\mswsock.dll
0x72ce0000 - 0x72ce5000 	C:\Windows\System32\wshtcpip.dll
0x72500000 - 0x72506000 	C:\Windows\System32\wship6.dll
0x555f0000 - 0x556e1000 	C:\Windows\assembly\NativeImages_v2.0.50727_32\System.Configuration\c64ca3678261c8ffcd9e7efd1af6ed54\System.Configuration.ni.dll
0x558a0000 - 0x558c0000 	C:\Program Files (x86)\FlashDevelop\Plugins\FlashDebugger.dll
0x56c60000 - 0x56c6c000 	C:\Program Files (x86)\FlashDevelop\Plugins\FlashLogViewer.dll
0x55860000 - 0x55874000 	C:\Program Files (x86)\FlashDevelop\Plugins\FlashViewer.dll
0x555d0000 - 0x555e2000 	C:\Program Files (x86)\FlashDevelop\Plugins\HaXeContext.dll
0x55890000 - 0x5589a000 	C:\Program Files (x86)\FlashDevelop\Plugins\jni4net.n.w32.v20-0.8.4.0.dll
0x55880000 - 0x5588e000 	C:\Program Files (x86)\FlashDevelop\Plugins\LayoutManager.dll
0x555c0000 - 0x555cc000 	C:\Program Files (x86)\FlashDevelop\Plugins\MacroManager.dll
0x555b0000 - 0x555ba000 	C:\Program Files (x86)\FlashDevelop\Plugins\OutputPanel.dll
0x555a0000 - 0x555ac000 	C:\Program Files (x86)\FlashDevelop\Plugins\PHPContext.dll
0x549c0000 - 0x54a26000 	C:\Program Files (x86)\FlashDevelop\Plugins\ProjectManager.dll
0x54a70000 - 0x54a92000 	C:\Program Files (x86)\FlashDevelop\SwfOp.dll
0x548f0000 - 0x549b1000 	C:\Windows\assembly\NativeImages_v2.0.50727_32\System.Runtime.Remo#\413288993ff690e8251d2dbe32bee01f\System.Runtime.Remoting.ni.dll
0x54a60000 - 0x54a6c000 	C:\Program Files (x86)\FlashDevelop\Plugins\ResultsPanel.dll
0x548d0000 - 0x548e4000 	C:\Program Files (x86)\FlashDevelop\Plugins\SourceControl.dll
0x54a50000 - 0x54a5a000 	C:\Program Files (x86)\FlashDevelop\Plugins\StartPage.dll
0x51200000 - 0x51d4c000 	C:\Windows\assembly\NativeImages_v2.0.50727_32\System.Web\03cfab5534482e8fc313ead6edc19100\System.Web.ni.dll
0x54a40000 - 0x54a4c000 	C:\Program Files (x86)\FlashDevelop\Plugins\TaskListPanel.dll
0x764c0000 - 0x7665d000 	C:\Windows\syswow64\SETUPAPI.dll
0x76220000 - 0x76247000 	C:\Windows\syswow64\CFGMGR32.dll
0x76430000 - 0x76442000 	C:\Windows\syswow64\DEVOBJ.dll
0x75c40000 - 0x75cc3000 	C:\Windows\syswow64\CLBCatQ.DLL
0x6f5a0000 - 0x6f695000 	C:\Windows\system32\propsys.dll
0x71670000 - 0x716bc000 	C:\Windows\system32\apphelp.dll
0x10000000 - 0x100aa000 	C:\Program Files (x86)\FlashDevelop\SciLexer.dll
0x70d40000 - 0x70d45000 	C:\Windows\system32\Msimg32.DLL
0x67b90000 - 0x67bc1000 	C:\Windows\system32\EhStorShell.dll
0x6fa30000 - 0x6faa0000 	C:\Windows\system32\ntshrui.dll
0x72e20000 - 0x72e39000 	C:\Windows\system32\srvcli.dll
0x70e70000 - 0x70e7b000 	C:\Windows\system32\cscapi.dll
0x735b0000 - 0x735ba000 	C:\Windows\system32\slc.dll
0x6e060000 - 0x6e077000 	C:\Windows\system32\bcrypt.dll
0x70e80000 - 0x70edf000 	C:\Windows\system32\SXS.DLL
0x6d7f0000 - 0x6da9f000 	C:\Program Files (x86)\Java\jre6\bin\client\jvm.dll
0x73110000 - 0x73142000 	C:\Windows\system32\WINMM.dll
0x7c340000 - 0x7c398000 	C:\Program Files (x86)\Autodesk\Backburner\MSVCR71.dll
0x6d7a0000 - 0x6d7ac000 	C:\Program Files (x86)\Java\jre6\bin\verify.dll
0x6d320000 - 0x6d33f000 	C:\Program Files (x86)\Java\jre6\bin\java.dll
0x6d7e0000 - 0x6d7ef000 	C:\Program Files (x86)\Java\jre6\bin\zip.dll
0x76920000 - 0x76a31000 	C:\Windows\SysWOW64\urlmon.dll
0x74d20000 - 0x74ed8000 	C:\Windows\syswow64\iertutil.dll
0x75ce0000 - 0x75dfb000 	C:\Windows\syswow64\WININET.dll
0x77470000 - 0x77473000 	C:\Windows\syswow64\Normaliz.dll
0x6d600000 - 0x6d613000 	C:\Program Files (x86)\Java\jre6\bin\net.dll
0x74fe0000 - 0x74fe5000 	C:\Windows\system32\PSAPI.DLL

VM Arguments:
java_command: <unknown>
Launcher Type: generic

Environment Variables:
CLASSPATH=.;C:\Program Files (x86)\Java\jre7\lib\ext\QTJava.zip
PATH=C:\Program Files (x86)\Parallels\Parallels Tools\Applications;ommonProgramFiles\Microsoft Shared\Windows Live;C:\Windows\system32;C:\Windows;C:\Windows\System32\Wbem;C:\Windows\System32\WindowsPowerShell\v1.0\;C:\Program Files (x86)\Autodesk\Backburner\;C:\Program Files\Common Files\Autodesk Shared\;C:\Program Files (x86)\QuickTime\QTSystem\;C:\Program Files (x86)\Microsoft SQL Server\100\Tools\Binn\;C:\Program Files\Microsoft SQL Server\100\Tools\Binn\;C:\Program Files\Microsoft SQL Server\100\DTS\Binn\;C:\Program Files\Common Files\Microsoft Shared\Windows Live;C:\Motion-Twin\haxe\;C:\Motion-Twin\neko
USERNAME=pierre
OS=Windows_NT
PROCESSOR_IDENTIFIER=Intel64 Family 6 Model 37 Stepping 5, GenuineIntel



---------------  S Y S T E M  ---------------

OS: Windows 7 , 64 bit Build 7601 Service Pack 1

CPU:total 4 (2 cores per cpu, 2 threads per core) family 6 model 37 stepping 5, cmov, cx8, fxsr, mmx, sse, sse2, sse3, ssse3, sse4.1, sse4.2, popcnt, ht

Memory: 4k page, physical 8378348k(4205040k free), swap 16754844k(10956460k free)

vm_info: Java HotSpot(TM) Client VM (20.10-b01) for windows-x86 JRE (1.6.0_35-b10), built on Aug 28 2012 17:31:51 by "java_re" with MS VC++ 7.1 (VS2003)

time: Wed Jan 09 20:08:27 2013
elapsed time: 8 seconds

